<?xml version="1.0" encoding="UTF-8"?>
<!-- Generated by org.testng.reporters.JUnitXMLReporter -->
<testsuite hostname="Sony" ignored="0" name="Test" tests="16" failures="1" timestamp="2021-12-22T03:49:53 IST" time="123.349" errors="0">
  <testcase name="radioButtonVerification" time="0.912" classname="Academy.HomePageTestCases"/>
  <testcase name="selectDropDownVerification" time="4.973" classname="Academy.HomePageTestCases"/>
  <testcase name="openNewTabVerification" time="11.88" classname="Academy.HomePageTestCases"/>
  <testcase name="alertButtonVerification" time="3.945" classname="Academy.HomePageTestCases"/>
  <testcase name="confirmButtonVerification" time="3.419" classname="Academy.HomePageTestCases"/>
  <testcase name="disableButtonVerification" time="0.771" classname="Academy.HomePageTestCases"/>
  <testcase name="enableButtonVerification" time="1.198" classname="Academy.HomePageTestCases"/>
  <testcase name="hideButtonVerification" time="0.885" classname="Academy.HomePageTestCases"/>
  <testcase name="showButtonVerification" time="1.724" classname="Academy.HomePageTestCases"/>
  <testcase name="webTableContentVerification" time="0.989" classname="Academy.HomePageTestCases"/>
  <testcase name="mouseHoverAndReloadVerification" time="10.734" classname="Academy.HomePageTestCases"/>
  <testcase name="countLinkIFrame" time="2.151" classname="Academy.HomePageTestCases"/>
  <testcase name="countLinkMainPage" time="0.06" classname="Academy.HomePageTestCases"/>
  <testcase name="invalidCredsTextVerification" time="14.96" classname="Academy.LoginPageTestCases"/>
  <testcase name="invalidCredsTextVerification" time="11.627" classname="Academy.LoginPageTestCases"/>
  <testcase name="intentionalFailure" time="0.239" classname="Academy.LoginPageTestCases">
    <failure type="java.lang.AssertionError" message="expected [Forgot Password] but found [Forgot Password?]">
      <![CDATA[java.lang.AssertionError: expected [Forgot Password] but found [Forgot Password?]
at Academy.LoginPageTestCases.intentionalFailure(LoginPageTestCases.java:59)
at java.util.ArrayList.forEach(ArrayList.java:1259)
... Removed 33 stack frames]]>
    </failure>
  </testcase> <!-- intentionalFailure -->
</testsuite> <!-- Test -->
