<?xml version="1.0" encoding="UTF-8"?>
<!-- Generated by org.testng.reporters.JUnitXMLReporter -->
<testsuite hostname="Sony" name="Test" tests="16" failures="1" timestamp="23 Dec 2021 10:54:15 GMT" time="93.635" errors="0">
  <testcase name="selectDropDownVerification" time="4.044" classname="Academy.HomePageTestCases"/>
  <testcase name="radioButtonVerification" time="0.53" classname="Academy.HomePageTestCases"/>
  <testcase name="openNewTabVerification" time="8.987" classname="Academy.HomePageTestCases"/>
  <testcase name="disableButtonVerification" time="0.581" classname="Academy.HomePageTestCases"/>
  <testcase name="confirmButtonVerification" time="3.084" classname="Academy.HomePageTestCases"/>
  <testcase name="alertButtonVerification" time="2.96" classname="Academy.HomePageTestCases"/>
  <testcase name="enableButtonVerification" time="0.945" classname="Academy.HomePageTestCases"/>
  <testcase name="webTableContentVerification" time="0.839" classname="Academy.HomePageTestCases"/>
  <testcase name="showButtonVerification" time="1.037" classname="Academy.HomePageTestCases"/>
  <testcase name="hideButtonVerification" time="0.625" classname="Academy.HomePageTestCases"/>
  <testcase name="mouseHoverAndReloadVerification" time="8.853" classname="Academy.HomePageTestCases"/>
  <testcase name="countLinkMainPage" time="0.097" classname="Academy.HomePageTestCases"/>
  <testcase name="countLinkIFrame" time="0.86" classname="Academy.HomePageTestCases"/>
  <testcase name="invalidCredsTextVerification" time="8.285" classname="Academy.LoginPageTestCases"/>
  <testcase name="invalidCredsTextVerification" time="7.887" classname="Academy.LoginPageTestCases"/>
  <testcase name="intentionalFailure" time="0.206" classname="Academy.LoginPageTestCases">
    <failure type="java.lang.AssertionError" message="expected [Forgot Password] but found [Forgot Password?]">
      <![CDATA[java.lang.AssertionError: expected [Forgot Password] but found [Forgot Password?]
	at Academy.LoginPageTestCases.intentionalFailure(LoginPageTestCases.java:59)
	at org.apache.maven.surefire.testng.TestNGExecutor.run(TestNGExecutor.java:284)
	at org.apache.maven.surefire.testng.TestNGXmlTestSuite.execute(TestNGXmlTestSuite.java:75)
	at org.apache.maven.surefire.testng.TestNGProvider.invoke(TestNGProvider.java:119)
	at org.apache.maven.surefire.booter.ForkedBooter.runSuitesInProcess(ForkedBooter.java:428)
	at org.apache.maven.surefire.booter.ForkedBooter.execute(ForkedBooter.java:162)
	at org.apache.maven.surefire.booter.ForkedBooter.run(ForkedBooter.java:562)
	at org.apache.maven.surefire.booter.ForkedBooter.main(ForkedBooter.java:548)
... Removed 26 stack frames]]>
    </failure>
  </testcase> <!-- intentionalFailure -->
</testsuite> <!-- Test -->
