<?xml version="1.0" encoding="UTF-8"?>
<testng-results skipped="0" failed="1" total="16" passed="15">
  <reporter-output>
  </reporter-output>
  <suite name="Suite" duration-ms="93635" started-at="2021-12-23T10:52:41Z" finished-at="2021-12-23T10:54:15Z">
    <groups>
    </groups>
    <test name="Test" duration-ms="93635" started-at="2021-12-23T10:52:41Z" finished-at="2021-12-23T10:54:15Z">
      <class name="Academy.LoginPageTestCases">
        <test-method status="PASS" signature="initialize()[pri:0, instance:Academy.LoginPageTestCases@1115ec15]" name="initialize" is-config="true" duration-ms="17759" started-at="2021-12-23T16:23:40Z" finished-at="2021-12-23T16:23:58Z">
          <reporter-output>
          </reporter-output>
        </test-method> <!-- initialize -->
        <test-method status="PASS" signature="invalidCredsTextVerification(java.lang.String, java.lang.String)[pri:0, instance:Academy.LoginPageTestCases@1115ec15]" name="invalidCredsTextVerification" duration-ms="8285" started-at="2021-12-23T16:23:58Z" data-provider="getData" finished-at="2021-12-23T16:24:06Z">
          <params>
            <param index="0">
              <value>
                <![CDATA[amit.arora@gmail.com]]>
              </value>
            </param>
            <param index="1">
              <value>
                <![CDATA[12345]]>
              </value>
            </param>
          </params>
          <reporter-output>
          </reporter-output>
        </test-method> <!-- invalidCredsTextVerification -->
        <test-method status="PASS" signature="invalidCredsTextVerification(java.lang.String, java.lang.String)[pri:0, instance:Academy.LoginPageTestCases@1115ec15]" name="invalidCredsTextVerification" duration-ms="7887" started-at="2021-12-23T16:24:06Z" data-provider="getData" finished-at="2021-12-23T16:24:14Z">
          <params>
            <param index="0">
              <value>
                <![CDATA[ram.sharma@gmail.com]]>
              </value>
            </param>
            <param index="1">
              <value>
                <![CDATA[12345]]>
              </value>
            </param>
          </params>
          <reporter-output>
          </reporter-output>
        </test-method> <!-- invalidCredsTextVerification -->
        <test-method status="FAIL" signature="intentionalFailure()[pri:0, instance:Academy.LoginPageTestCases@1115ec15]" name="intentionalFailure" duration-ms="206" started-at="2021-12-23T16:24:14Z" depends-on-methods="Academy.LoginPageTestCases.invalidCredsTextVerification" finished-at="2021-12-23T16:24:14Z">
          <exception class="java.lang.AssertionError">
            <message>
              <![CDATA[expected [Forgot Password] but found [Forgot Password?]]]>
            </message>
            <full-stacktrace>
              <![CDATA[java.lang.AssertionError: expected [Forgot Password] but found [Forgot Password?]
	at org.testng.Assert.fail(Assert.java:89)
	at org.testng.Assert.failNotEquals(Assert.java:489)
	at org.testng.Assert.assertEquals(Assert.java:118)
	at org.testng.Assert.assertEquals(Assert.java:171)
	at org.testng.Assert.assertEquals(Assert.java:181)
	at Academy.LoginPageTestCases.intentionalFailure(LoginPageTestCases.java:59)
	at sun.reflect.NativeMethodAccessorImpl.invoke0(Native Method)
	at sun.reflect.NativeMethodAccessorImpl.invoke(NativeMethodAccessorImpl.java:62)
	at sun.reflect.DelegatingMethodAccessorImpl.invoke(DelegatingMethodAccessorImpl.java:43)
	at java.lang.reflect.Method.invoke(Method.java:498)
	at org.testng.internal.MethodInvocationHelper.invokeMethod(MethodInvocationHelper.java:80)
	at org.testng.internal.Invoker.invokeMethod(Invoker.java:715)
	at org.testng.internal.Invoker.invokeTestMethod(Invoker.java:907)
	at org.testng.internal.Invoker.invokeTestMethods(Invoker.java:1237)
	at org.testng.internal.TestMethodWorker.invokeTestMethods(TestMethodWorker.java:127)
	at org.testng.internal.TestMethodWorker.run(TestMethodWorker.java:111)
	at org.testng.TestRunner.privateRun(TestRunner.java:767)
	at org.testng.TestRunner.run(TestRunner.java:617)
	at org.testng.SuiteRunner.runTest(SuiteRunner.java:334)
	at org.testng.SuiteRunner.runSequentially(SuiteRunner.java:329)
	at org.testng.SuiteRunner.privateRun(SuiteRunner.java:291)
	at org.testng.SuiteRunner.run(SuiteRunner.java:240)
	at org.testng.SuiteRunnerWorker.runSuite(SuiteRunnerWorker.java:51)
	at org.testng.SuiteRunnerWorker.run(SuiteRunnerWorker.java:85)
	at org.testng.TestNG.runSuitesSequentially(TestNG.java:1197)
	at org.testng.TestNG.runSuitesLocally(TestNG.java:1122)
	at org.testng.TestNG.run(TestNG.java:1030)
	at org.apache.maven.surefire.testng.TestNGExecutor.run(TestNGExecutor.java:284)
	at org.apache.maven.surefire.testng.TestNGXmlTestSuite.execute(TestNGXmlTestSuite.java:75)
	at org.apache.maven.surefire.testng.TestNGProvider.invoke(TestNGProvider.java:119)
	at org.apache.maven.surefire.booter.ForkedBooter.runSuitesInProcess(ForkedBooter.java:428)
	at org.apache.maven.surefire.booter.ForkedBooter.execute(ForkedBooter.java:162)
	at org.apache.maven.surefire.booter.ForkedBooter.run(ForkedBooter.java:562)
	at org.apache.maven.surefire.booter.ForkedBooter.main(ForkedBooter.java:548)
]]>
            </full-stacktrace>
          </exception> <!-- java.lang.AssertionError -->
          <reporter-output>
          </reporter-output>
        </test-method> <!-- intentionalFailure -->
      </class> <!-- Academy.LoginPageTestCases -->
      <class name="Academy.HomePageTestCases">
        <test-method status="PASS" signature="initialize()[pri:0, instance:Academy.HomePageTestCases@3d246ea3]" name="initialize" is-config="true" duration-ms="23052" started-at="2021-12-23T16:22:41Z" finished-at="2021-12-23T16:23:04Z">
          <reporter-output>
          </reporter-output>
        </test-method> <!-- initialize -->
        <test-method status="PASS" signature="selectDropDownVerification()[pri:0, instance:Academy.HomePageTestCases@3d246ea3]" name="selectDropDownVerification" duration-ms="4044" started-at="2021-12-23T16:23:04Z" finished-at="2021-12-23T16:23:08Z">
          <reporter-output>
          </reporter-output>
        </test-method> <!-- selectDropDownVerification -->
        <test-method status="PASS" signature="radioButtonVerification()[pri:0, instance:Academy.HomePageTestCases@3d246ea3]" name="radioButtonVerification" duration-ms="530" started-at="2021-12-23T16:23:08Z" finished-at="2021-12-23T16:23:09Z">
          <reporter-output>
          </reporter-output>
        </test-method> <!-- radioButtonVerification -->
        <test-method status="PASS" signature="openNewTabVerification()[pri:0, instance:Academy.HomePageTestCases@3d246ea3]" name="openNewTabVerification" duration-ms="8987" started-at="2021-12-23T16:23:09Z" finished-at="2021-12-23T16:23:18Z">
          <reporter-output>
          </reporter-output>
        </test-method> <!-- openNewTabVerification -->
        <test-method status="PASS" signature="disableButtonVerification()[pri:0, instance:Academy.HomePageTestCases@3d246ea3]" name="disableButtonVerification" duration-ms="581" started-at="2021-12-23T16:23:18Z" finished-at="2021-12-23T16:23:19Z">
          <reporter-output>
          </reporter-output>
        </test-method> <!-- disableButtonVerification -->
        <test-method status="PASS" signature="confirmButtonVerification()[pri:0, instance:Academy.HomePageTestCases@3d246ea3]" name="confirmButtonVerification" duration-ms="3084" started-at="2021-12-23T16:23:19Z" finished-at="2021-12-23T16:23:22Z">
          <reporter-output>
          </reporter-output>
        </test-method> <!-- confirmButtonVerification -->
        <test-method status="PASS" signature="alertButtonVerification()[pri:0, instance:Academy.HomePageTestCases@3d246ea3]" name="alertButtonVerification" duration-ms="2960" started-at="2021-12-23T16:23:22Z" finished-at="2021-12-23T16:23:25Z">
          <reporter-output>
          </reporter-output>
        </test-method> <!-- alertButtonVerification -->
        <test-method status="PASS" signature="enableButtonVerification()[pri:0, instance:Academy.HomePageTestCases@3d246ea3]" name="enableButtonVerification" duration-ms="945" started-at="2021-12-23T16:23:25Z" finished-at="2021-12-23T16:23:26Z">
          <reporter-output>
          </reporter-output>
        </test-method> <!-- enableButtonVerification -->
        <test-method status="PASS" signature="webTableContentVerification()[pri:0, instance:Academy.HomePageTestCases@3d246ea3]" name="webTableContentVerification" duration-ms="839" started-at="2021-12-23T16:23:26Z" finished-at="2021-12-23T16:23:26Z">
          <reporter-output>
          </reporter-output>
        </test-method> <!-- webTableContentVerification -->
        <test-method status="PASS" signature="showButtonVerification()[pri:0, instance:Academy.HomePageTestCases@3d246ea3]" name="showButtonVerification" duration-ms="1037" started-at="2021-12-23T16:23:26Z" finished-at="2021-12-23T16:23:27Z">
          <reporter-output>
          </reporter-output>
        </test-method> <!-- showButtonVerification -->
        <test-method status="PASS" signature="hideButtonVerification()[pri:0, instance:Academy.HomePageTestCases@3d246ea3]" name="hideButtonVerification" duration-ms="625" started-at="2021-12-23T16:23:27Z" finished-at="2021-12-23T16:23:28Z">
          <reporter-output>
          </reporter-output>
        </test-method> <!-- hideButtonVerification -->
        <test-method status="PASS" signature="mouseHoverAndReloadVerification()[pri:0, instance:Academy.HomePageTestCases@3d246ea3]" name="mouseHoverAndReloadVerification" duration-ms="8853" started-at="2021-12-23T16:23:28Z" finished-at="2021-12-23T16:23:37Z">
          <reporter-output>
          </reporter-output>
        </test-method> <!-- mouseHoverAndReloadVerification -->
        <test-method status="PASS" signature="countLinkMainPage()[pri:0, instance:Academy.HomePageTestCases@3d246ea3]" name="countLinkMainPage" duration-ms="97" started-at="2021-12-23T16:23:37Z" finished-at="2021-12-23T16:23:37Z">
          <reporter-output>
          </reporter-output>
        </test-method> <!-- countLinkMainPage -->
        <test-method status="PASS" signature="countLinkIFrame()[pri:0, instance:Academy.HomePageTestCases@3d246ea3]" name="countLinkIFrame" duration-ms="860" started-at="2021-12-23T16:23:37Z" finished-at="2021-12-23T16:23:38Z">
          <reporter-output>
          </reporter-output>
        </test-method> <!-- countLinkIFrame -->
        <test-method status="PASS" signature="tearDown()[pri:0, instance:Academy.HomePageTestCases@3d246ea3]" name="tearDown" is-config="true" duration-ms="2196" started-at="2021-12-23T16:23:38Z" finished-at="2021-12-23T16:23:40Z">
          <reporter-output>
          </reporter-output>
        </test-method> <!-- tearDown -->
      </class> <!-- Academy.HomePageTestCases -->
    </test> <!-- Test -->
  </suite> <!-- Suite -->
</testng-results>
